Arguments: 
  /usr/bin/node /usr/share/yarn/bin/yarn.js add @icofont@1.0.1

PATH: 
  /home/dev/.rvm/gems/ruby-2.7.1/bin:/home/dev/.rvm/gems/ruby-2.7.1@global/bin:/home/dev/.rvm/rubies/ruby-2.7.1/bin:/usr/local/sbin:/usr/local/bin:/usr/sbin:/usr/bin:/sbin:/bin:/usr/games:/usr/local/games:/snap/bin:/home/dev/.rvm/bin:/home/dev/.rvm/bin

Yarn version: 
  1.22.5

Node version: 
  12.20.1

Platform: 
  linux x64

Trace: 
  Error: https://registry.yarnpkg.com/@icofont: Request "https://registry.yarnpkg.com/@icofont" returned a 405
      at Request.params.callback [as _callback] (/usr/share/yarn/lib/cli.js:66997:18)
      at Request.self.callback (/usr/share/yarn/lib/cli.js:140749:22)
      at Request.emit (events.js:314:20)
      at Request.<anonymous> (/usr/share/yarn/lib/cli.js:141721:10)
      at Request.emit (events.js:314:20)
      at IncomingMessage.<anonymous> (/usr/share/yarn/lib/cli.js:141643:12)
      at Object.onceWrapper (events.js:420:28)
      at IncomingMessage.emit (events.js:326:22)
      at endReadableNT (_stream_readable.js:1241:12)
      at processTicksAndRejections (internal/process/task_queues.js:84:21)

npm manifest: 
  {
    "name": "adfego",
    "private": true,
    "dependencies": {
      "bootstrap": "4.5.3",
      "bootstrap-datepicker": "1.9.0",
      "counterup": "^1.0.2",
      "jquery": "3.5.1",
      "jquery-easing": "^0.0.1",
      "owl.carousel": "2.3.4",
      "venobox": "1.9.1",
      "waypoints": "4.0.1"
    }
  }

yarn manifest: 
  No manifest

Lockfile: 
  # THIS IS AN AUTOGENERATED FILE. DO NOT EDIT THIS FILE DIRECTLY.
  # yarn lockfile v1
  
  
  bootstrap-datepicker@1.9.0:
    version "1.9.0"
    resolved "https://registry.yarnpkg.com/bootstrap-datepicker/-/bootstrap-datepicker-1.9.0.tgz#e4bfce3fcce1967876b21dc6833ec5994aaed090"
    integrity sha512-9rYYbaVOheGYxjOr/+bJCmRPihfy+LkLSg4fIFMT9Od8WwWB/MB50w0JO1eBgKUMbb7PFHQD5uAfI3ArAxZRXA==
    dependencies:
      jquery ">=1.7.1 <4.0.0"
  
  bootstrap@4.5.3:
    version "4.5.3"
    resolved "https://registry.yarnpkg.com/bootstrap/-/bootstrap-4.5.3.tgz#c6a72b355aaf323920be800246a6e4ef30997fe6"
    integrity sha512-o9ppKQioXGqhw8Z7mah6KdTYpNQY//tipnkxppWhPbiSWdD+1raYsnhwEZjkTHYbGee4cVQ0Rx65EhOY/HNLcQ==
  
  counterup@^1.0.2:
    version "1.0.2"
    resolved "https://registry.yarnpkg.com/counterup/-/counterup-1.0.2.tgz#07dbe1e5d318c1702dbff8abe25e9a4b8269dc78"
    integrity sha1-B9vh5dMYwXAtv/ir4l6aS4Jp3Hg=
    dependencies:
      jquery ">=1.5"
      waypoints ">=2.0"
  
  jquery-easing@^0.0.1:
    version "0.0.1"
    resolved "https://registry.yarnpkg.com/jquery-easing/-/jquery-easing-0.0.1.tgz#b3c37525b55734dc1ee1ad09b6c3373187687715"
    integrity sha1-s8N1JbVXNNwe4a0JtsM3MYdodxU=
    dependencies:
      jquery "*"
  
  jquery@*, jquery@3.5.1, jquery@>=1.5, jquery@>=1.7.0, "jquery@>=1.7.1 <4.0.0", jquery@>=1.8.3:
    version "3.5.1"
    resolved "https://registry.yarnpkg.com/jquery/-/jquery-3.5.1.tgz#d7b4d08e1bfdb86ad2f1a3d039ea17304717abb5"
    integrity sha512-XwIBPqcMn57FxfT+Go5pzySnm4KWkT1Tv7gjrpT1srtf8Weynl6R273VJ5GjkRb51IzMp5nbaPjJXMWeju2MKg==
  
  owl.carousel@2.3.4:
    version "2.3.4"
    resolved "https://registry.yarnpkg.com/owl.carousel/-/owl.carousel-2.3.4.tgz#6c53dc8d24304b790e4f27a1dc4a655e973ccdc9"
    integrity sha512-JaDss9+feAvEW8KZppPSpllfposEzQiW+Ytt/Xm5t/3CTJ7YVmkh6RkWixoA2yXk2boIwedYxOvrrppIGzru9A==
    dependencies:
      jquery ">=1.8.3"
  
  venobox@1.9.1:
    version "1.9.1"
    resolved "https://registry.yarnpkg.com/venobox/-/venobox-1.9.1.tgz#3b4ec631397660cf9ffc9d566d8f795ef1875ca6"
    integrity sha512-vFxk2cfElpH115u05a5aOtjkXLbQPwhNg/XHRpcfD9b4/Ry5eTUrGoae3qG7YJLFjKsXKKPhjLTdwFv0l0uwYg==
    dependencies:
      jquery ">=1.7.0"
  
  waypoints@4.0.1, waypoints@>=2.0:
    version "4.0.1"
    resolved "https://registry.yarnpkg.com/waypoints/-/waypoints-4.0.1.tgz#09979a0573810b29627cba4366a284a062ec69c8"
    integrity sha1-CZeaBXOBCylifLpDZqKEoGLsacg=
